{
    "value": "asdasdasdasdas",
    "field": "fullName"
}
{
    "value": "asdasdasdasdas",
    "field": "fullName"
}
{
    "value": "asdasdasdasdas",
    "field": "fullName"
}
{
    "value": "try2",
    "field": "fullName"
}
{
    "value": "geoffJoaquin",
    "field": "fullName"
}
{
    "value": "asdads",
    "field": "fullName"
}
{
    "value": "wax burat",
    "field": "fullName"
}
{
    "value": "burat1",
    "field": "username"
}
{
    "value": "6969696969",
    "field": "phoneNumber"
}
{
    "value": "burat@burat.burat",
    "field": "emailAddress"
}
{
    "value": "2000-01-02",
    "field": "birthday"
}
{
    "value": "titengmalaki",
    "field": "password"
}
{
    "value": "wax haha",
    "field": "fullName"
}
{
    "value": "wax haha1",
    "field": "fullName"
}
{
    "value": "Luis Zaraasdasd",
    "field": "fullName"
}
